<?xml version="1.0" encoding="UTF-8"?>
<testsuite name="TestSuite" time="5.209" tests="2" errors="0" skipped="0" failures="1">
  <properties>
    <property name="java.runtime.name" value="Java(TM) SE Runtime Environment"/>
    <property name="sun.boot.library.path" value="C:\Program Files\Java\jdk1.8.0_66\jre\bin"/>
    <property name="java.vm.version" value="25.66-b17"/>
    <property name="java.vm.vendor" value="Oracle Corporation"/>
    <property name="maven.multiModuleProjectDirectory" value="D:\NewSelenium\proximusIPTV"/>
    <property name="java.vendor.url" value="http://java.oracle.com/"/>
    <property name="path.separator" value=";"/>
    <property name="guice.disable.misplaced.annotation.check" value="true"/>
    <property name="java.vm.name" value="Java HotSpot(TM) 64-Bit Server VM"/>
    <property name="file.encoding.pkg" value="sun.io"/>
    <property name="user.script" value=""/>
    <property name="user.country" value="IN"/>
    <property name="sun.java.launcher" value="SUN_STANDARD"/>
    <property name="sun.os.patch.level" value="Service Pack 1"/>
    <property name="java.vm.specification.name" value="Java Virtual Machine Specification"/>
    <property name="user.dir" value="D:\NewSelenium\proximusIPTV"/>
    <property name="java.runtime.version" value="1.8.0_66-b17"/>
    <property name="java.awt.graphicsenv" value="sun.awt.Win32GraphicsEnvironment"/>
    <property name="java.endorsed.dirs" value="C:\Program Files\Java\jdk1.8.0_66\jre\lib\endorsed"/>
    <property name="os.arch" value="amd64"/>
    <property name="java.io.tmpdir" value="C:\Users\NITIN~1.KAU\AppData\Local\Temp\"/>
    <property name="line.separator" value="&#10;"/>
    <property name="java.vm.specification.vendor" value="Oracle Corporation"/>
    <property name="user.variant" value=""/>
    <property name="os.name" value="Windows 7"/>
    <property name="classworlds.conf" value="C:\Users\nitin.kaushik\Desktop\Selenimu-All\Selenium-Oct-2016-Download\apache-maven-3.3.9\bin\..\bin\m2.conf"/>
    <property name="sun.jnu.encoding" value="Cp1252"/>
    <property name="java.library.path" value="C:\Program Files\Java\jdk1.8.0_66\bin;C:\Windows\Sun\Java\bin;C:\Windows\system32;C:\Windows;C:\ProgramData\Oracle\Java\javapath;D:\app\nitin.kaushik\product\11.2.0\client_1\bin;C:\Python27\Lib\site-packages\PyQt4;C:\Program Files (x86)\RSA SecurID Token Common;C:\Program Files\Common Files\Microsoft Shared\Windows Live;C:\Program Files (x86)\Common Files\Microsoft Shared\Windows Live;C:\Program Files (x86)\Intel\iCLS Client\;C:\Program Files\Intel\iCLS Client\;C:\Windows\system32;C:\Windows;C:\Windows\System32\Wbem;C:\Windows\System32\WindowsPowerShell\v1.0\;C:\Program Files\Intel\Intel(R) Management Engine Components\DAL;C:\Program Files\Intel\Intel(R) Management Engine Components\IPT;C:\Program Files (x86)\Intel\Intel(R) Management Engine Components\DAL;C:\Program Files (x86)\Intel\Intel(R) Management Engine Components\IPT;C:\Program Files\Dell\Dell Data Protection\Access\Advanced\Wave\Gemalto\Access Client\v5\;C:\Program Files (x86)\Security Innovation\SI TSS\bin\;C:\Program Files (x86)\Windows Live\Shared;C:\Python27;C:\Python27\DLLs;C:\Python27\Scripts;C:\Python27\Lib\site-packages\vtk;C:\Python27\gnuplot\binary;C:\Program Files (x86)\pythonxy\SciTE-3.2.2-1;C:\Program Files (x86)\pythonxy\console;C:\MinGW32-xy\bin;D:\SELENIUM\;C:\Program Files\Java\jdk1.8.0_66\bin;D:\SELENIUM\TESTNG_HOME\testng-6.8.jar;C:\Program Files\Java\jdk1.8.0_66\bin;D:\SELENIUM\adt-bundle-windows-x86-20131030\adt-bundle-windows-x86-20131030\sdk\tools;D:\SELENIUM\adt-bundle-windows-x86-20131030\adt-bundle-windows-x86-20131030\sdk\platform-tools;C:\Program Files\nodejs\:D:\SELENIUM\;C:\Program Files\TortoiseSVN\bin;C:\apache-ant-1.9.6\bin;C:\Users\nitin.kaushik\Desktop\Selenimu-All\Selenium-Oct-2016-Download\apache-maven-3.3.9\bin;C:\Users\nitin.kaushik\Desktop\Selenimu-All\Selenium-Oct-2016-Download\apache-maven-3.3.9\bin;C:\Program Files (x86)\Skype\Phone\;C:\Users\nitin.kaushik\AppData\Roaming\npm;."/>
    <property name="java.specification.name" value="Java Platform API Specification"/>
    <property name="java.class.version" value="52.0"/>
    <property name="sun.management.compiler" value="HotSpot 64-Bit Tiered Compilers"/>
    <property name="os.version" value="6.1"/>
    <property name="user.home" value="C:\Users\nitin.kaushik"/>
    <property name="user.timezone" value="Asia/Calcutta"/>
    <property name="java.awt.printerjob" value="sun.awt.windows.WPrinterJob"/>
    <property name="java.specification.version" value="1.8"/>
    <property name="file.encoding" value="Cp1252"/>
    <property name="user.name" value="nitin.kaushik"/>
    <property name="java.class.path" value="C:\Users\nitin.kaushik\Desktop\Selenimu-All\Selenium-Oct-2016-Download\apache-maven-3.3.9\bin\..\boot\plexus-classworlds-2.5.2.jar"/>
    <property name="java.vm.specification.version" value="1.8"/>
    <property name="sun.arch.data.model" value="64"/>
    <property name="java.home" value="C:\Program Files\Java\jdk1.8.0_66\jre"/>
    <property name="sun.java.command" value="org.codehaus.plexus.classworlds.launcher.Launcher package"/>
    <property name="java.specification.vendor" value="Oracle Corporation"/>
    <property name="user.language" value="en"/>
    <property name="awt.toolkit" value="sun.awt.windows.WToolkit"/>
    <property name="java.vm.info" value="mixed mode"/>
    <property name="java.version" value="1.8.0_66"/>
    <property name="java.ext.dirs" value="C:\Program Files\Java\jdk1.8.0_66\jre\lib\ext;C:\Windows\Sun\Java\lib\ext"/>
    <property name="sun.boot.class.path" value="C:\Program Files\Java\jdk1.8.0_66\jre\lib\resources.jar;C:\Program Files\Java\jdk1.8.0_66\jre\lib\rt.jar;C:\Program Files\Java\jdk1.8.0_66\jre\lib\sunrsasign.jar;C:\Program Files\Java\jdk1.8.0_66\jre\lib\jsse.jar;C:\Program Files\Java\jdk1.8.0_66\jre\lib\jce.jar;C:\Program Files\Java\jdk1.8.0_66\jre\lib\charsets.jar;C:\Program Files\Java\jdk1.8.0_66\jre\lib\jfr.jar;C:\Program Files\Java\jdk1.8.0_66\jre\classes"/>
    <property name="sun.stderr.encoding" value="cp437"/>
    <property name="java.vendor" value="Oracle Corporation"/>
    <property name="maven.home" value="C:\Users\nitin.kaushik\Desktop\Selenimu-All\Selenium-Oct-2016-Download\apache-maven-3.3.9\bin\.."/>
    <property name="file.separator" value="\"/>
    <property name="java.vendor.url.bug" value="http://bugreport.sun.com/bugreport/"/>
    <property name="sun.cpu.endian" value="little"/>
    <property name="sun.io.unicode.encoding" value="UnicodeLittle"/>
    <property name="sun.stdout.encoding" value="cp437"/>
    <property name="sun.desktop" value="windows"/>
    <property name="sun.cpu.isalist" value="amd64"/>
  </properties>
  <testcase name="hubShowcaseLineNavigation" classname="com.rsystems.test.LoginTest" time="5.126">
    <failure type="java.lang.NullPointerException:">java.lang.NullPointerException: null
	at com.rsystems.test.LoginTest.hubShowcaseLineNavigation(LoginTest.java:132)
</failure>
    <system-out><![CDATA[Waiting for the page to load
Testcase name is :::::: hubShowcaseLineNavigation
Hello hubShowcaseLineNavigation
Default Unfocused elements location on HUB text line is:
Its Location is ::::::: X: 85------ Y:  560
Its Location is ::::::: X: 365------ Y:  560
Its Location is ::::::: X: 531------ Y:  560
Its Location is ::::::: X: 639------ Y:  560
Its Location is ::::::: X: 729------ Y:  560
HUB TV Location is ::::::: X: 365------ Y:  370
Its FONTs size is :::::::36px
Its FONTs Family is :::::::Proximus, ProximusRegular
Its FONTs Color is ::::::: RGB rgba(255, 255, 255, 1)
Fonts Matchedddddddddddddddddddd
Fonts Family Matchedddddddddddddddddddd
]]></system-out>
    <system-err><![CDATA[log4j:WARN No appenders could be found for logger (nitinLogger).
log4j:WARN Please initialize the log4j system properly.
log4j:WARN See http://logging.apache.org/log4j/1.2/faq.html#noconfig for more info.
Starting ChromeDriver 2.29.461591 (62ebf098771772160f391d75e589dc567915b233) on port 19067
Only local connections are allowed.
]]></system-err>
  </testcase>
  <testcase name="hubTextLineNavigation" classname="com.rsystems.test.LoginTest" time="0.083"/>
</testsuite>