<?xml version="1.0" encoding="UTF-8"?>
<!-- Generated by org.testng.reporters.JUnitReportReporter -->
<testsuite skipped="0" hostname="dev-dell-nitink" name="com.rsystems.test.HubTestCases" tests="2" failures="0" timestamp="22 May 2017 12:57:43 GMT" time="30.971" errors="0">
  <testcase name="testHubMenuTitles" time="15.774" classname="com.rsystems.test.HubTestCases"/>
  <testcase name="testHubMenuFontsNonFocused" time="15.197" classname="com.rsystems.test.HubTestCases"/>
</testsuite> <!-- com.rsystems.test.HubTestCases -->
