<?xml version="1.0" encoding="UTF-8"?>
<!-- Generated by org.testng.reporters.JUnitReportReporter -->
<testsuite skipped="0" hostname="dev-dell-nitink" name="com.rsystems.test.test" tests="1" failures="0" timestamp="18 May 2017 05:10:27 GMT" time="0.014" errors="0">
  <testcase name="testingDP" time="0.014" classname="com.rsystems.test.test"/>
</testsuite> <!-- com.rsystems.test.test -->
