<?xml version="1.0" encoding="UTF-8"?>
<!-- Generated by org.testng.reporters.JUnitReportReporter -->
<testsuite skipped="0" hostname="dev-dell-nitink" name="com.rsystems.test.moveSettings" tests="1" failures="0" timestamp="17 May 2017 13:13:37 GMT" time="14.568" errors="0">
  <testcase name="hubSettingNavigation" time="14.568" classname="com.rsystems.test.moveSettings"/>
</testsuite> <!-- com.rsystems.test.moveSettings -->
