<?xml version="1.0" encoding="UTF-8"?>
<!-- Generated by org.testng.reporters.JUnitReportReporter -->
<testsuite skipped="0" hostname="dev-dell-nitink" name="com.rsystems.test.HubTestCases" tests="4" failures="0" timestamp="24 May 2017 09:49:22 GMT" time="42.506" errors="0">
  <testcase name="testHubTranslation" time="1.849" classname="com.rsystems.test.HubTestCases"/>
  <testcase name="testHubMenuFontsNonFocused" time="2.058" classname="com.rsystems.test.HubTestCases"/>
  <testcase name="testHubTextLineRightNavigation" time="20.365" classname="com.rsystems.test.HubTestCases"/>
  <testcase name="testHubTextLineLeftNavigation" time="18.234" classname="com.rsystems.test.HubTestCases"/>
</testsuite> <!-- com.rsystems.test.HubTestCases -->
