<?xml version="1.0" encoding="UTF-8"?>
<!-- Generated by org.testng.reporters.JUnitReportReporter -->
<testsuite skipped="0" hostname="dev-dell-nitink" name="com.rsystems.test.testinghub" tests="1" failures="0" timestamp="24 May 2017 09:08:31 GMT" time="0.316" errors="0">
  <testcase name="testTranslation" time="0.316" classname="com.rsystems.test.testinghub"/>
</testsuite> <!-- com.rsystems.test.testinghub -->
