<?xml version="1.0" encoding="UTF-8"?>
<!-- Generated by org.testng.reporters.JUnitReportReporter -->
<testsuite skipped="0" hostname="dev-dell-nitink" name="com.rsystems.test.test" tests="1" failures="0" timestamp="16 May 2017 09:17:49 GMT" time="0.013" errors="0">
  <testcase name="testingDP" time="0.013" classname="com.rsystems.test.test"/>
</testsuite> <!-- com.rsystems.test.test -->
