<?xml version="1.0" encoding="UTF-8"?>
<!-- Generated by org.testng.reporters.JUnitReportReporter -->
<testsuite skipped="0" hostname="dev-dell-nitink" name="com.rsystems.test.HubTestCases" tests="1" failures="0" timestamp="22 May 2017 08:59:54 GMT" time="16.000" errors="0">
  <testcase name="testHubTranslationCheck" time="16.000" classname="com.rsystems.test.HubTestCases"/>
</testsuite> <!-- com.rsystems.test.HubTestCases -->
