<?xml version="1.0" encoding="UTF-8"?>
<!-- Generated by org.testng.reporters.JUnitReportReporter -->
<testsuite skipped="0" hostname="dev-dell-nitink" name="com.rsystems.test.HubTestCases" tests="4" failures="0" timestamp="23 May 2017 09:22:00 GMT" time="93.115" errors="0">
  <testcase name="testHubTextLineRightNavigation" time="29.214" classname="com.rsystems.test.HubTestCases"/>
  <testcase name="testHubTextLineLeftNavigation" time="31.866" classname="com.rsystems.test.HubTestCases"/>
  <testcase name="testHubMenuTitles" time="16.782" classname="com.rsystems.test.HubTestCases"/>
  <testcase name="testHubMenuFontsNonFocused" time="15.253" classname="com.rsystems.test.HubTestCases"/>
</testsuite> <!-- com.rsystems.test.HubTestCases -->
