<?xml version="1.0" encoding="UTF-8"?>
<!-- Generated by org.testng.reporters.JUnitReportReporter -->
<testsuite skipped="0" hostname="dev-dell-nitink" name="com.rsystems.test.LoginTest" tests="2" failures="0" timestamp="19 May 2017 11:18:39 GMT" time="59.415" errors="0">
  <testcase name="navigationTillSystemScreen" time="32.801" classname="com.rsystems.test.LoginTest"/>
  <testcase name="hubShowcaseLineNavigation" time="26.614" classname="com.rsystems.test.LoginTest"/>
</testsuite> <!-- com.rsystems.test.LoginTest -->
