<?xml version="1.0" encoding="UTF-8"?>
<!-- Generated by org.testng.reporters.JUnitReportReporter -->
<testsuite skipped="0" hostname="dev-dell-nitink" name="com.rsystems.test.HubTestCases" tests="4" failures="0" timestamp="23 May 2017 14:01:58 GMT" time="43.046" errors="0">
  <testcase name="testHubMenuFontsNonFocused" time="2.497" classname="com.rsystems.test.HubTestCases"/>
  <testcase name="testHubTextLineRightNavigation" time="20.407" classname="com.rsystems.test.HubTestCases"/>
  <testcase name="testHubTextLineLeftNavigation" time="18.275" classname="com.rsystems.test.HubTestCases"/>
  <testcase name="testHubMenuTitles" time="1.867" classname="com.rsystems.test.HubTestCases"/>
</testsuite> <!-- com.rsystems.test.HubTestCases -->
