<?xml version="1.0" encoding="UTF-8"?>
<!-- Generated by org.testng.reporters.JUnitReportReporter -->
<testsuite skipped="0" hostname="dev-dell-nitink" name="com.rsystems.test.HubTestCases" tests="4" failures="0" timestamp="24 May 2017 10:03:11 GMT" time="42.489" errors="0">
  <testcase name="testHubTranslation" time="1.919" classname="com.rsystems.test.HubTestCases"/>
  <testcase name="testHubMenuFontsNonFocused" time="2.051" classname="com.rsystems.test.HubTestCases"/>
  <testcase name="testHubTextLineRightNavigation" time="20.330" classname="com.rsystems.test.HubTestCases"/>
  <testcase name="testHubTextLineLeftNavigation" time="18.189" classname="com.rsystems.test.HubTestCases"/>
</testsuite> <!-- com.rsystems.test.HubTestCases -->
