<?xml version="1.0" encoding="UTF-8"?>
<!-- Generated by org.testng.reporters.JUnitReportReporter -->
<testsuite skipped="0" hostname="dev-dell-nitink" name="com.rsystems.test.testgmail" tests="1" failures="0" timestamp="19 May 2017 05:47:32 GMT" time="0.586" errors="0">
  <testcase name="hubShowcaseLineNavigation" time="0.586" classname="com.rsystems.test.testgmail"/>
</testsuite> <!-- com.rsystems.test.testgmail -->
