<?xml version="1.0" encoding="UTF-8"?>
<!-- Generated by org.testng.reporters.JUnitReportReporter -->
<testsuite skipped="0" hostname="dev-dell-nitink" name="com.rsystems.test.LoginTest" tests="2" failures="0" timestamp="15 May 2017 09:25:12 GMT" time="13.001" errors="0">
  <testcase name="hubTextLineNavigation" time="0.093" classname="com.rsystems.test.LoginTest"/>
  <testcase name="hubShowcaseLineNavigation" time="12.908" classname="com.rsystems.test.LoginTest"/>
</testsuite> <!-- com.rsystems.test.LoginTest -->
