<?xml version="1.0" encoding="UTF-8"?>
<!-- Generated by org.testng.reporters.JUnitReportReporter -->
<testsuite skipped="0" hostname="dev-dell-nitink" name="com.rsystems.test.moveSettings" tests="1" failures="0" timestamp="18 May 2017 05:16:53 GMT" time="9.432" errors="0">
  <testcase name="hubSettingNavigation" time="9.432" classname="com.rsystems.test.moveSettings"/>
</testsuite> <!-- com.rsystems.test.moveSettings -->
