<?xml version="1.0" encoding="UTF-8"?>
<!-- Generated by org.testng.reporters.JUnitReportReporter -->
<testsuite skipped="0" hostname="dev-dell-nitink" name="com.rsystems.test.LoginTest" tests="2" failures="0" timestamp="12 May 2017 12:41:07 GMT" time="9.548" errors="0">
  <testcase name="hubShowcaseLineNavigation" time="9.446" classname="com.rsystems.test.LoginTest"/>
  <testcase name="hubTextLineNavigation" time="0.102" classname="com.rsystems.test.LoginTest"/>
</testsuite> <!-- com.rsystems.test.LoginTest -->
