<?xml version="1.0" encoding="UTF-8"?>
<!-- Generated by org.testng.reporters.JUnitReportReporter -->
<testsuite skipped="0" hostname="dev-dell-nitink" name="com.rsystems.test.LoginTest" tests="2" failures="0" timestamp="17 May 2017 13:24:24 GMT" time="13.976" errors="0">
  <testcase name="hubTextLineNavigation" time="0.105" classname="com.rsystems.test.LoginTest"/>
  <testcase name="hubShowcaseLineNavigation" time="13.871" classname="com.rsystems.test.LoginTest"/>
</testsuite> <!-- com.rsystems.test.LoginTest -->
